{"name": "test_mac_2", "status": "skipped", "statusDetails": {"message": "AssertionError: assert False", "trace": "@pytest.mark.xfail\n    def test_mac_2():\n>       assert False\nE       assert False\n\nPytestSamples/test_demo_skip.py:18: AssertionError"}, "start": 1591291296002, "stop": 1591291296002, "uuid": "24b25311-ac8e-4a15-b816-f9663a0d9636", "historyId": "e300b8bb8e0b56a65f19b8039a695a62", "testCaseId": "77fcfd194b768ebbefe5a5d680ad5caa", "fullName": "PytestSamples.test_demo_skip#test_mac_2", "labels": [{"name": "tag", "value": "@pytest.mark.xfail"}, {"name": "parentSuite", "value": "PytestSamples"}, {"name": "suite", "value": "test_demo_skip"}, {"name": "host", "value": "Bobs-MBP.fios-router.home"}, {"name": "thread", "value": "21622-MainThread"}, {"name": "framework", "value": "pytest"}, {"name": "language", "value": "cpython3"}, {"name": "package", "value": "PytestSamples.test_demo_skip"}]}